app/build/intermediates/manifest_merge_blame_file/debug/manifest-merger-blame-debug-report.txt
1<?xml version="1.0" encoding="utf-8"?>
2<manifest xmlns:android="http://schemas.android.com/apk/res/android"
3    package="org.tensorflow.strokechange.objectdetection"
4    android:versionCode="1"
5    android:versionName="1.0" >
6
7    <uses-sdk
8        android:minSdkVersion="23"
8-->src/main/AndroidManifest.xml
9        android:targetSdkVersion="30" />
9-->src/main/AndroidManifest.xml
10
11    <uses-permission android:name="android.permission.WRITE_EXTERNAL_STORAGE" />
11-->src/main/AndroidManifest.xml:5:5-81
11-->src/main/AndroidManifest.xml:5:22-78
12    <uses-permission android:name="android.permission.READ_EXTERNAL_STORAGE" />
12-->src/main/AndroidManifest.xml:6:5-80
12-->src/main/AndroidManifest.xml:6:22-77
13    <uses-permission android:name="android.permission.MANAGE_EXTERNAL_STORAGE" />
13-->src/main/AndroidManifest.xml:7:5-82
13-->src/main/AndroidManifest.xml:7:22-79
14
15    <queries>
15-->src/main/AndroidManifest.xml:10:5-14:15
16        <intent>
16-->src/main/AndroidManifest.xml:11:9-13:18
17            <action android:name="android.media.action.IMAGE_CAPTURE" />
17-->src/main/AndroidManifest.xml:12:13-73
17-->src/main/AndroidManifest.xml:12:21-70
18        </intent>
19    </queries>
20
21    <uses-permission android:name="android.permission.READ_PHONE_STATE" />
22
23    <application
23-->src/main/AndroidManifest.xml:16:5-42:19
24        android:allowBackup="true"
24-->src/main/AndroidManifest.xml:17:9-35
25        android:appComponentFactory="androidx.core.app.CoreComponentFactory"
25-->[androidx.core:core:1.3.2] AndroidManifest.xml:24:18-86
26        android:debuggable="true"
27        android:extractNativeLibs="false"
28        android:icon="@mipmap/ic_launcher"
28-->src/main/AndroidManifest.xml:18:9-43
29        android:label="@string/app_name"
29-->src/main/AndroidManifest.xml:19:9-41
30        android:requestLegacyExternalStorage="true"
30-->src/main/AndroidManifest.xml:23:9-52
31        android:roundIcon="@mipmap/ic_launcher_round"
31-->src/main/AndroidManifest.xml:20:9-54
32        android:supportsRtl="true"
32-->src/main/AndroidManifest.xml:21:9-35
33        android:testOnly="true"
34        android:theme="@style/Theme.ObjectDetection" >
34-->src/main/AndroidManifest.xml:22:9-53
35        <activity android:name="org.tensorflow.strokechange.objectdetection.MainActivity" >
35-->src/main/AndroidManifest.xml:24:9-30:20
35-->src/main/AndroidManifest.xml:24:19-90
36            <intent-filter>
36-->src/main/AndroidManifest.xml:25:13-29:29
37                <action android:name="android.intent.action.MAIN" />
37-->src/main/AndroidManifest.xml:26:17-69
37-->src/main/AndroidManifest.xml:26:25-66
38
39                <category android:name="android.intent.category.LAUNCHER" />
39-->src/main/AndroidManifest.xml:28:17-77
39-->src/main/AndroidManifest.xml:28:27-74
40            </intent-filter>
41        </activity>
42
43        <provider
43-->src/main/AndroidManifest.xml:33:9-41:20
44            android:name="androidx.core.content.FileProvider"
44-->src/main/AndroidManifest.xml:34:13-62
45            android:authorities="org.tensorflow.strokechange.objectdetection.fileprovider"
45-->src/main/AndroidManifest.xml:35:13-91
46            android:exported="false"
46-->src/main/AndroidManifest.xml:36:13-37
47            android:grantUriPermissions="true" >
47-->src/main/AndroidManifest.xml:37:13-47
48            <meta-data
48-->src/main/AndroidManifest.xml:38:13-40:54
49                android:name="android.support.FILE_PROVIDER_PATHS"
49-->src/main/AndroidManifest.xml:39:17-67
50                android:resource="@xml/file_paths" />
50-->src/main/AndroidManifest.xml:40:17-51
51        </provider>
52    </application>
53
54</manifest>